<?xml version="1.0" encoding="UTF-8"?>
<!-- Generated by org.testng.reporters.JUnitReportReporter -->
<testsuite hostname="DESKTOP-5MGC367" failures="0" tests="1" name="org.selenium.MyFirstTestCase" time="75.238" errors="0" timestamp="2022-05-21T18:13:43 IST" skipped="0">
  <testcase classname="org.selenium.MyFirstTestCase" name="loginAndCheckoutUsingDirectBankTransfer" time="75.238"/>
  <system-out/>
</testsuite> <!-- org.selenium.MyFirstTestCase -->
