<?xml version="1.0" encoding="UTF-8"?>
<!-- Generated by org.testng.reporters.JUnitReportReporter -->
<testsuite hostname="DESKTOP-5MGC367" failures="0" tests="2" name="org.selenium.MyFirstTestCase" time="51.804" errors="0" timestamp="2022-05-22T08:13:29 IST" skipped="0">
  <testcase classname="org.selenium.MyFirstTestCase" name="guestCheckoutUsingDirectBankTransfer" time="19.615"/>
  <system-out/>
  <testcase classname="org.selenium.MyFirstTestCase" name="loginAndCheckoutUsingDirectBankTransfer" time="32.189"/>
  <system-out/>
</testsuite> <!-- org.selenium.MyFirstTestCase -->
