<?xml version="1.0" encoding="UTF-8"?>
<!-- Generated by org.testng.reporters.JUnitReportReporter -->
<testsuite hostname="DESKTOP-5MGC367" failures="0" tests="2" name="org.selenium.pom.tests.MyFirstTestCaseTest" time="112.920" errors="0" timestamp="2022-05-22T15:27:07 IST" skipped="0">
  <testcase classname="org.selenium.pom.tests.MyFirstTestCaseTest" name="loginAndCheckoutUsingDirectBankTransfer" time="70.336"/>
  <system-out/>
  <testcase classname="org.selenium.pom.tests.MyFirstTestCaseTest" name="guestCheckoutUsingDirectBankTransfer" time="42.584"/>
  <system-out/>
</testsuite> <!-- org.selenium.pom.tests.MyFirstTestCaseTest -->
